<?xml version="1.0" encoding="UTF-8"?>
<!-- Generated by org.testng.reporters.JUnitXMLReporter -->
<testsuite hostname="DS-PC01W4HA" name="Default test" tests="4" failures="0" timestamp="17 May 2019 07:03:25 GMT" time="0.052" errors="0">
  <testcase name="method1" time="0.013" classname="testngtest.CaseOne"/>
  <testcase name="method3" time="0.003" classname="testngtest.CaseOne"/>
  <testcase name="method4" time="0.003" classname="testngtest.CaseOne"/>
  <testcase name="method2" time="0.002" classname="testngtest.CaseOne"/>
</testsuite> <!-- Default test -->
