<?xml version="1.0" encoding="UTF-8"?>
<testng-results skipped="0" failed="0" total="4" passed="4">
  <reporter-output>
  </reporter-output>
  <suite name="Default suite" duration-ms="100" started-at="2019-10-04T06:47:45Z" finished-at="2019-10-04T06:47:45Z">
    <groups>
      <group name="functional">
        <method signature="CaseOne.method2()[pri:0, instance:testngtest.CaseOne@3c756e4d]" name="method2" class="testngtest.CaseOne"/>
        <method signature="CaseOne.method4()[pri:0, instance:testngtest.CaseOne@3c756e4d]" name="method4" class="testngtest.CaseOne"/>
      </group> <!-- functional -->
      <group name="regression">
        <method signature="CaseOne.method1()[pri:0, instance:testngtest.CaseOne@3c756e4d]" name="method1" class="testngtest.CaseOne"/>
        <method signature="CaseOne.method3()[pri:0, instance:testngtest.CaseOne@3c756e4d]" name="method3" class="testngtest.CaseOne"/>
      </group> <!-- regression -->
      <group name="smoke">
        <method signature="CaseOne.method1()[pri:0, instance:testngtest.CaseOne@3c756e4d]" name="method1" class="testngtest.CaseOne"/>
        <method signature="CaseOne.method2()[pri:0, instance:testngtest.CaseOne@3c756e4d]" name="method2" class="testngtest.CaseOne"/>
      </group> <!-- smoke -->
    </groups>
    <test name="Default test" duration-ms="100" started-at="2019-10-04T06:47:45Z" finished-at="2019-10-04T06:47:45Z">
      <class name="testngtest.CaseOne">
        <test-method status="PASS" signature="method1()[pri:0, instance:testngtest.CaseOne@3c756e4d]" name="method1" duration-ms="28" started-at="2019-10-04T12:17:45Z" finished-at="2019-10-04T12:17:45Z">
          <reporter-output>
          </reporter-output>
        </test-method> <!-- method1 -->
        <test-method status="PASS" signature="method2()[pri:0, instance:testngtest.CaseOne@3c756e4d]" name="method2" duration-ms="2" started-at="2019-10-04T12:17:45Z" finished-at="2019-10-04T12:17:45Z">
          <reporter-output>
          </reporter-output>
        </test-method> <!-- method2 -->
        <test-method status="PASS" signature="method3()[pri:0, instance:testngtest.CaseOne@3c756e4d]" name="method3" duration-ms="2" started-at="2019-10-04T12:17:45Z" finished-at="2019-10-04T12:17:45Z">
          <reporter-output>
          </reporter-output>
        </test-method> <!-- method3 -->
        <test-method status="PASS" signature="method4()[pri:0, instance:testngtest.CaseOne@3c756e4d]" name="method4" duration-ms="1" started-at="2019-10-04T12:17:45Z" finished-at="2019-10-04T12:17:45Z">
          <reporter-output>
          </reporter-output>
        </test-method> <!-- method4 -->
      </class> <!-- testngtest.CaseOne -->
    </test> <!-- Default test -->
  </suite> <!-- Default suite -->
</testng-results>
